<?xml version="1.0" encoding="UTF-8"?>
<testng-results ignored="0" total="1" passed="1" failed="0" skipped="0">
  <reporter-output>
  </reporter-output>
  <suite started-at="2022-07-13T23:08:15 IST" name="Default suite" finished-at="2022-07-13T23:08:20 IST" duration-ms="4745">
    <groups>
    </groups>
    <test started-at="2022-07-13T23:08:15 IST" name="Default test" finished-at="2022-07-13T23:08:20 IST" duration-ms="4745">
      <class name="tests.LoginTest">
        <test-method is-config="true" signature="beforeSuite()[pri:0, instance:tests.LoginTest@67c27493]" started-at="2022-07-13T23:08:07 IST" name="beforeSuite" finished-at="2022-07-13T23:08:15 IST" duration-ms="7631" status="PASS">
          <reporter-output>
          </reporter-output>
        </test-method> <!-- beforeSuite -->
        <test-method is-config="true" signature="initObject()[pri:0, instance:tests.LoginTest@67c27493]" started-at="2022-07-13T23:08:15 IST" name="initObject" finished-at="2022-07-13T23:08:15 IST" duration-ms="29" status="PASS">
          <reporter-output>
          </reporter-output>
        </test-method> <!-- initObject -->
        <test-method signature="login()[pri:0, instance:tests.LoginTest@67c27493]" started-at="2022-07-13T23:08:15 IST" name="login" finished-at="2022-07-13T23:08:20 IST" duration-ms="4668" status="PASS">
          <reporter-output>
          </reporter-output>
        </test-method> <!-- login -->
        <test-method is-config="true" signature="afterSuite()[pri:0, instance:tests.LoginTest@67c27493]" started-at="2022-07-13T23:08:20 IST" name="afterSuite" finished-at="2022-07-13T23:08:20 IST" duration-ms="148" status="PASS">
          <reporter-output>
          </reporter-output>
        </test-method> <!-- afterSuite -->
      </class> <!-- tests.LoginTest -->
    </test> <!-- Default test -->
  </suite> <!-- Default suite -->
</testng-results>
